Not Found: /static/css/fonts/slick.woff
Not Found: /static/css/fonts/slick.ttf
2022-01-16 09:44:09.331610 [UID:2122][3385025] Reached max children process limit: 6, extra: 2, current: 8, busy: 7, please increase LSAPI_CHILDREN.
2022-01-16 09:44:09.432089 [UID:2122][3385025] Reached max children process limit: 6, extra: 2, current: 8, busy: 8, please increase LSAPI_CHILDREN.
2022-01-16 09:44:09.532478 [UID:2122][3385025] Reached max children process limit: 6, extra: 2, current: 8, busy: 8, please increase LSAPI_CHILDREN.
2022-01-16 09:44:09.632937 [UID:2122][3385025] Reached max children process limit: 6, extra: 2, current: 8, busy: 8, please increase LSAPI_CHILDREN.
2022-01-16 09:44:09.733350 [UID:2122][3385025] Reached max children process limit: 6, extra: 2, current: 8, busy: 8, please increase LSAPI_CHILDREN.
2022-01-16 09:44:09.833803 [UID:2122][3385025] Reached max children process limit: 6, extra: 2, current: 8, busy: 8, please increase LSAPI_CHILDREN.
2022-01-16 09:44:09.934231 [UID:2122][3385025] Reached max children process limit: 6, extra: 2, current: 8, busy: 8, please increase LSAPI_CHILDREN.
2022-01-16 09:44:10.034647 [UID:2122][3385025] Reached max children process limit: 6, extra: 2, current: 8, busy: 8, please increase LSAPI_CHILDREN.
2022-01-16 09:44:10.135126 [UID:2122][3385025] Reached max children process limit: 6, extra: 2, current: 8, busy: 8, please increase LSAPI_CHILDREN.
2022-01-16 09:44:10.235553 [UID:2122][3385025] Reached max children process limit: 6, extra: 2, current: 8, busy: 8, please increase LSAPI_CHILDREN.
2022-01-16 09:44:10.335791 [UID:2122][3385025] Reached max children process limit: 6, extra: 2, current: 8, busy: 8, please increase LSAPI_CHILDREN.
2022-01-16 09:44:10.436206 [UID:2122][3385025] Reached max children process limit: 6, extra: 2, current: 8, busy: 8, please increase LSAPI_CHILDREN.
2022-01-16 09:44:10.523346 [UID:2122][3385025] Reached max children process limit: 6, extra: 2, current: 8, busy: 7, please increase LSAPI_CHILDREN.
2022-01-16 09:44:10.623758 [UID:2122][3385025] Reached max children process limit: 6, extra: 2, current: 8, busy: 8, please increase LSAPI_CHILDREN.
2022-01-16 09:44:10.724222 [UID:2122][3385025] Reached max children process limit: 6, extra: 2, current: 8, busy: 8, please increase LSAPI_CHILDREN.
2022-01-16 09:44:18.526617 [UID:2122][3385025] Child process with pid: 3385824 was killed by signal: 15, core dump: 0
Not Found: /static/bootstrap/js/bootstrap.bundle.min.js.map
2022-01-16 09:44:21.307807 [UID:2122][3385025] Reached max children process limit: 6, extra: 2, current: 8, busy: 8, please increase LSAPI_CHILDREN.
2022-01-16 09:44:21.408250 [UID:2122][3385025] Reached max children process limit: 6, extra: 2, current: 8, busy: 8, please increase LSAPI_CHILDREN.
2022-01-16 09:44:21.508753 [UID:2122][3385025] Reached max children process limit: 6, extra: 2, current: 8, busy: 8, please increase LSAPI_CHILDREN.
2022-01-16 09:44:21.609178 [UID:2122][3385025] Reached max children process limit: 6, extra: 2, current: 8, busy: 8, please increase LSAPI_CHILDREN.
2022-01-16 09:44:21.709585 [UID:2122][3385025] Reached max children process limit: 6, extra: 2, current: 8, busy: 8, please increase LSAPI_CHILDREN.
2022-01-16 09:44:21.810033 [UID:2122][3385025] Reached max children process limit: 6, extra: 2, current: 8, busy: 8, please increase LSAPI_CHILDREN.
2022-01-16 09:44:21.910376 [UID:2122][3385025] Reached max children process limit: 6, extra: 2, current: 8, busy: 8, please increase LSAPI_CHILDREN.
2022-01-16 09:44:22.010815 [UID:2122][3385025] Reached max children process limit: 6, extra: 2, current: 8, busy: 8, please increase LSAPI_CHILDREN.
2022-01-16 09:44:22.111139 [UID:2122][3385025] Reached max children process limit: 6, extra: 2, current: 8, busy: 8, please increase LSAPI_CHILDREN.
2022-01-16 09:44:22.211547 [UID:2122][3385025] Reached max children process limit: 6, extra: 2, current: 8, busy: 8, please increase LSAPI_CHILDREN.
Not Found: /static/css/fonts/slick.woff
2022-01-16 09:44:22.312011 [UID:2122][3385025] Reached max children process limit: 6, extra: 2, current: 8, busy: 8, please increase LSAPI_CHILDREN.
2022-01-16 09:44:22.412585 [UID:2122][3385025] Reached max children process limit: 6, extra: 2, current: 8, busy: 8, please increase LSAPI_CHILDREN.
2022-01-16 09:44:22.660626 [UID:2122][3385025] Reached max children process limit: 6, extra: 2, current: 8, busy: 8, please increase LSAPI_CHILDREN.
2022-01-16 09:44:22.761083 [UID:2122][3385025] Reached max children process limit: 6, extra: 2, current: 8, busy: 8, please increase LSAPI_CHILDREN.
Not Found: /static/css/ajax-loader.gif
Not Found: /static/css/fonts/slick.woff
Not Found: /static/css/fonts/slick.ttf
Not Found: /static/css/fonts/slick.ttf
2022-01-16 09:44:37.950202 [UID:2122][3385025] Child process with pid: 3390050 was killed by signal: 15, core dump: 0
Not Found: /static/css/ajax-loader.gif
Not Found: /static/css/ajax-loader.gif
Not Found: /static/css/fonts/slick.woff
Not Found: /static/css/fonts/slick.ttf
Not Found: /static/css/ajax-loader.gif
Not Found: /static/css/fonts/slick.woff
2022-01-16 09:45:07.093495 [UID:2122][3385025] Child process with pid: 3390696 was killed by signal: 15, core dump: 0
Not Found: /static/css/ajax-loader.gif
Not Found: /static/css/fonts/slick.woff
Not Found: /static/css/fonts/slick.ttf
Not Found: /static/css/ajax-loader.gif
Not Found: /static/css/fonts/slick.woff
Not Found: /static/css/fonts/slick.ttf
Not Found: /static/css/ajax-loader.gif
Not Found: /static/css/fonts/slick.woff
Not Found: /static/css/fonts/slick.ttf
2022-01-16 09:47:28.647125 [UID:2122][3385025] Child process with pid: 3447288 was killed by signal: 15, core dump: 0
Not Found: /static/css/fonts/slick.woff
Not Found: /static/css/fonts/slick.ttf
Not Found: /static/css/ajax-loader.gif
Not Found: /static/css/fonts/slick.woff
Not Found: /static/css/ajax-loader.gif
Not Found: /static/css/fonts/slick.ttf
Not Found: /static/bootstrap/js/bootstrap.bundle.min.js.map
Not Found: /drawer.css.map
Not Found: /static/css/ajax-loader.gif
Not Found: /static/css/fonts/slick.woff
Not Found: /static/css/fonts/slick.ttf
Not Found: /static/css/ajax-loader.gif
Not Found: /static/css/fonts/slick.woff
Not Found: /static/css/fonts/slick.ttf
Not Found: /static/css/ajax-loader.gif
Not Found: /static/css/fonts/slick.woff
Not Found: /static/css/fonts/slick.ttf
Not Found: /static/img/logo%2520(1).png
Not Found: /static/css/ajax-loader.gif
Not Found: /static/css/fonts/slick.woff
Not Found: /static/css/fonts/slick.ttf
2022-01-16 11:10:33.275244 [UID:2122][719074] Child process with pid: 793751 was killed by signal: 15, core dump: 0
Not Found: /static/img/logo%2520(1).png
Not Found: /hhj
Not Found: /favicon.ico
Not Found: /hhj
Not Found: /hhj
Not Found: /static/css/ajax-loader.gif
Not Found: /static/css/fonts/slick.woff
Not Found: /static/css/fonts/slick.ttf
Not Found: /kk
Not Found: /static/css/ajax-loader.gif
Not Found: /static/css/fonts/slick.woff
Not Found: /static/css/fonts/slick.ttf
Not Found: /static/css/fonts/slick.woff
Not Found: /static/css/fonts/slick.ttf
Not Found: /static/css/fonts/slick.svg
Not Found: /style.css
Not Found: /static/css/fonts/slick.woff
2022-01-16 11:13:40.584108 [UID:2122][719074] Reached max children process limit: 6, extra: 2, current: 8, busy: 8, please increase LSAPI_CHILDREN.
2022-01-16 11:13:40.605837 [UID:2122][719074] Reached max children process limit: 6, extra: 2, current: 8, busy: 7, please increase LSAPI_CHILDREN.
2022-01-16 11:13:40.706057 [UID:2122][719074] Reached max children process limit: 6, extra: 2, current: 8, busy: 8, please increase LSAPI_CHILDREN.
2022-01-16 11:13:40.806543 [UID:2122][719074] Reached max children process limit: 6, extra: 2, current: 8, busy: 8, please increase LSAPI_CHILDREN.
2022-01-16 11:13:40.906764 [UID:2122][719074] Reached max children process limit: 6, extra: 2, current: 8, busy: 8, please increase LSAPI_CHILDREN.
2022-01-16 11:13:41.007308 [UID:2122][719074] Reached max children process limit: 6, extra: 2, current: 8, busy: 8, please increase LSAPI_CHILDREN.
2022-01-16 11:13:41.081255 [UID:2122][719074] Reached max children process limit: 6, extra: 2, current: 8, busy: 7, please increase LSAPI_CHILDREN.
2022-01-16 11:13:41.124378 [UID:2122][719074] Reached max children process limit: 6, extra: 2, current: 8, busy: 7, please increase LSAPI_CHILDREN.
2022-01-16 11:13:41.133650 [UID:2122][719074] Reached max children process limit: 6, extra: 2, current: 8, busy: 7, please increase LSAPI_CHILDREN.
Not Found: /static/css/fonts/slick.ttf
Not Found: /static/css/ajax-loader.gif
Not Found: /static/css/ajax-loader.gif
Not Found: /static/css/ajax-loader.gif
Not Found: /static/css/fonts/slick.woff
Not Found: /static/css/fonts/slick.ttf
2022-01-16 11:15:44.826930 [UID:2122][719074] Reached max children process limit: 6, extra: 2, current: 8, busy: 7, please increase LSAPI_CHILDREN.
2022-01-16 11:15:44.927174 [UID:2122][719074] Reached max children process limit: 6, extra: 2, current: 8, busy: 8, please increase LSAPI_CHILDREN.
2022-01-16 11:15:45.027399 [UID:2122][719074] Reached max children process limit: 6, extra: 2, current: 8, busy: 8, please increase LSAPI_CHILDREN.
Not Found: /static/css/fonts/slick.woff
2022-01-16 11:15:45.127628 [UID:2122][719074] Reached max children process limit: 6, extra: 2, current: 8, busy: 8, please increase LSAPI_CHILDREN.
2022-01-16 11:15:45.227794 [UID:2122][719074] Reached max children process limit: 6, extra: 2, current: 8, busy: 8, please increase LSAPI_CHILDREN.
2022-01-16 11:15:45.328033 [UID:2122][719074] Reached max children process limit: 6, extra: 2, current: 8, busy: 8, please increase LSAPI_CHILDREN.
Not Found: /static/css/ajax-loader.gif
2022-01-16 11:15:45.428309 [UID:2122][719074] Reached max children process limit: 6, extra: 2, current: 8, busy: 8, please increase LSAPI_CHILDREN.
2022-01-16 11:15:45.528602 [UID:2122][719074] Reached max children process limit: 6, extra: 2, current: 8, busy: 8, please increase LSAPI_CHILDREN.
2022-01-16 11:15:45.628903 [UID:2122][719074] Reached max children process limit: 6, extra: 2, current: 8, busy: 8, please increase LSAPI_CHILDREN.
2022-01-16 11:15:45.729141 [UID:2122][719074] Reached max children process limit: 6, extra: 2, current: 8, busy: 8, please increase LSAPI_CHILDREN.
2022-01-16 11:15:45.829333 [UID:2122][719074] Reached max children process limit: 6, extra: 2, current: 8, busy: 8, please increase LSAPI_CHILDREN.
2022-01-16 11:15:45.929649 [UID:2122][719074] Reached max children process limit: 6, extra: 2, current: 8, busy: 8, please increase LSAPI_CHILDREN.
Not Found: /static/css/fonts/slick.ttf
Not Found: /static/css/ajax-loader.gif
Not Found: /static/css/fonts/slick.woff
Not Found: /static/css/fonts/slick.ttf
Not Found: /static/css/ajax-loader.gif
Not Found: /static/css/fonts/slick.woff
Not Found: /static/css/fonts/slick.ttf
Not Found: /style.css
Not Found: /static/css/ajax-loader.gif
Not Found: /static/css/fonts/slick.woff
Not Found: /static/css/fonts/slick.ttf
Not Found: /static/css/fonts/slick.woff
Not Found: /static/css/ajax-loader.gif
Not Found: /static/css/fonts/slick.ttf
Not Found: /0
2022-01-16 11:17:25.714762 [UID:2122][719074] Child process with pid: 910558 was killed by signal: 15, core dump: 0
Not Found: /static/css/fonts/slick.woff
[<project: BURQ IDE>]
[<project: BURQ IDE>]
Not Found: /static/css/fonts/slick.ttf
Not Found: /style.css
2022-01-16 11:18:02.604647 [UID:2122][719074] Reached max children process limit: 6, extra: 2, current: 8, busy: 8, please increase LSAPI_CHILDREN.
Not Found: /static/css/fonts/slick.woff
Not Found: /static/css/ajax-loader.gif
2022-01-16 11:18:02.705207 [UID:2122][719074] Reached max children process limit: 6, extra: 2, current: 8, busy: 8, please increase LSAPI_CHILDREN.
2022-01-16 11:18:02.805902 [UID:2122][719074] Reached max children process limit: 6, extra: 2, current: 8, busy: 8, please increase LSAPI_CHILDREN.
2022-01-16 11:18:02.906292 [UID:2122][719074] Reached max children process limit: 6, extra: 2, current: 8, busy: 8, please increase LSAPI_CHILDREN.
2022-01-16 11:18:03.006957 [UID:2122][719074] Reached max children process limit: 6, extra: 2, current: 8, busy: 8, please increase LSAPI_CHILDREN.
2022-01-16 11:18:03.107533 [UID:2122][719074] Reached max children process limit: 6, extra: 2, current: 8, busy: 8, please increase LSAPI_CHILDREN.
2022-01-16 11:18:03.208133 [UID:2122][719074] Reached max children process limit: 6, extra: 2, current: 8, busy: 8, please increase LSAPI_CHILDREN.
Not Found: /static/css/fonts/slick.ttf
[<project: GHAZI (غازی)>, <project: Azadi (آزادی)>]
[<project: BURQ IDE>]
[<project: GHAZI (غازی)>, <project: Azadi (آزادی)>]
Not Found: /static/css/ajax-loader.gif
Not Found: /static/css/fonts/slick.woff
Not Found: /static/css/fonts/slick.ttf
Not Found: /static/admin/css/login.css
Not Found: /favicon.ico
Not Found: /static/css/fonts/slick.woff
Not Found: /static/css/ajax-loader.gif
Not Found: /static/css/fonts/slick.ttf
Not Found: /static/admin/js/vendor/jquery/jquery.js
Not Found: /static/admin/css/changelists.css
Not Found: /static/admin/js/actions.js
Not Found: /static/admin/js/prepopulate.js
Not Found: /static/admin/js/urlify.js
Not Found: /static/admin/js/vendor/xregexp/xregexp.js
Not Found: /static/admin/js/core.js
Not Found: /static/admin/js/jquery.init.js
Not Found: /static/admin/js/admin/RelatedObjectLookups.js
Not Found: /static/admin/js/vendor/jquery/jquery.js
Not Found: /static/admin/js/jquery.init.js
Not Found: /static/admin/js/core.js
Not Found: /static/admin/js/admin/RelatedObjectLookups.js
Not Found: /static/admin/js/actions.js
Not Found: /static/admin/js/urlify.js
Not Found: /static/admin/js/prepopulate.js
Not Found: /static/admin/js/vendor/xregexp/xregexp.js
Not Found: /static/admin/img/tooltag-add.svg
Not Found: /static/admin/js/jquery.init.js
Not Found: /static/admin/css/forms.css
Not Found: /static/admin/js/core.js
Not Found: /static/admin/js/admin/RelatedObjectLookups.js
Not Found: /static/admin/js/actions.js
Not Found: /static/admin/js/urlify.js
Not Found: /static/admin/js/prepopulate.js
Not Found: /static/admin/js/vendor/xregexp/xregexp.js
Not Found: /static/admin/js/vendor/jquery/jquery.js
Not Found: /static/admin/js/prepopulate_init.js
Not Found: /static/admin/js/vendor/jquery/jquery.js
Not Found: /static/admin/js/change_form.js
Not Found: /static/admin/js/jquery.init.js
Not Found: /static/admin/js/core.js
Not Found: /static/admin/js/admin/RelatedObjectLookups.js
Not Found: /static/admin/js/actions.js
Not Found: /static/admin/js/urlify.js
Not Found: /static/admin/js/prepopulate.js
Not Found: /static/admin/js/vendor/xregexp/xregexp.js
Not Found: /static/admin/img/icon-deletelink.svg
Not Found: /static/admin/js/prepopulate_init.js
Not Found: /static/admin/js/change_form.js
Not Found: /static/admin/css/changelists.css
Not Found: /static/admin/js/vendor/jquery/jquery.js
Not Found: /static/admin/js/actions.js
Not Found: /static/admin/js/prepopulate.js
Not Found: /static/admin/js/urlify.js
Not Found: /static/admin/js/vendor/xregexp/xregexp.js
Not Found: /static/admin/js/jquery.init.js
Not Found: /static/admin/js/core.js
Not Found: /static/admin/js/admin/RelatedObjectLookups.js
Not Found: /static/admin/js/vendor/jquery/jquery.js
Not Found: /static/admin/js/jquery.init.js
Not Found: /static/admin/js/core.js
Not Found: /static/admin/js/admin/RelatedObjectLookups.js
Not Found: /static/admin/js/actions.js
Not Found: /static/admin/js/urlify.js
Not Found: /static/admin/js/prepopulate.js
Not Found: /static/admin/js/vendor/xregexp/xregexp.js
Not Found: /static/admin/img/icon-yes.svg
Not Found: /static/admin/img/tooltag-add.svg
[<project: BURQ IDE>]
Not Found: /static/admin/css/changelists.css
Not Found: /static/admin/js/vendor/jquery/jquery.js
Not Found: /static/admin/js/core.js
Not Found: /static/admin/js/jquery.init.js
Not Found: /static/admin/js/urlify.js
Not Found: /static/admin/js/actions.js
Not Found: /static/admin/js/prepopulate.js
Not Found: /static/admin/js/vendor/xregexp/xregexp.js
Not Found: /static/admin/js/admin/RelatedObjectLookups.js
Not Found: /static/admin/js/core.js
Not Found: /static/admin/js/admin/RelatedObjectLookups.js
Not Found: /static/admin/js/actions.js
Not Found: /static/admin/js/urlify.js
Not Found: /static/admin/js/prepopulate.js
Not Found: /static/admin/js/vendor/xregexp/xregexp.js
Not Found: /static/admin/img/tooltag-add.svg
Not Found: /static/admin/css/forms.css
Not Found: /static/admin/js/core.js
Not Found: /static/admin/js/vendor/jquery/jquery.js
Not Found: /static/admin/js/admin/RelatedObjectLookups.js
Not Found: /static/admin/js/actions.js
Not Found: /static/admin/js/prepopulate.js
Not Found: /static/admin/js/urlify.js
Not Found: /static/admin/js/vendor/xregexp/xregexp.js
Not Found: /static/admin/js/jquery.init.js
Not Found: /static/admin/js/vendor/jquery/jquery.js
Not Found: /static/admin/js/prepopulate_init.js
Not Found: /static/admin/js/change_form.js
Not Found: /static/admin/js/jquery.init.js
Not Found: /static/admin/js/core.js
Not Found: /static/admin/js/admin/RelatedObjectLookups.js
Not Found: /static/admin/js/actions.js
Not Found: /static/admin/js/urlify.js
Not Found: /static/admin/js/prepopulate.js
Not Found: /static/admin/js/vendor/xregexp/xregexp.js
Not Found: /static/admin/js/change_form.js
Not Found: /static/admin/js/prepopulate_init.js
Not Found: /static/admin/img/icon-deletelink.svg
Not Found: /static/admin/css/changelists.css
Not Found: /static/admin/js/jquery.init.js
Not Found: /static/admin/js/core.js
Not Found: /static/admin/js/vendor/jquery/jquery.js
Not Found: /static/admin/js/prepopulate.js
Not Found: /static/admin/js/vendor/xregexp/xregexp.js
Not Found: /static/admin/js/admin/RelatedObjectLookups.js
Not Found: /static/admin/js/urlify.js
Not Found: /static/admin/js/actions.js
Not Found: /static/admin/js/jquery.init.js
Not Found: /static/admin/js/core.js
Not Found: /static/css/fonts/slick.woff
Not Found: /static/css/ajax-loader.gif
Not Found: /static/css/fonts/slick.ttf
Not Found: /static/admin/js/admin/RelatedObjectLookups.js
Not Found: /static/admin/js/actions.js
Not Found: /static/admin/js/urlify.js
Not Found: /static/admin/js/prepopulate.js
Not Found: /static/admin/js/vendor/xregexp/xregexp.js
Not Found: /static/admin/img/icon-yes.svg
Not Found: /static/admin/img/tooltag-add.svg
2022-01-16 11:26:27.304282 [UID:2122][719074] Child process with pid: 1054107 was killed by signal: 15, core dump: 0
[<project: GHAZI (غازی)>, <project: Azadi (آزادی)>]
Not Found: /static/css/fonts/slick.woff
Not Found: /static/css/fonts/slick.ttf
Not Found: /static/css/ajax-loader.gif
Not Found: /static/css/fonts/slick.woff
Not Found: /static/css/fonts/slick.ttf
Not Found: /static/css/ajax-loader.gif
Not Found: /static/css/fonts/slick.woff
Not Found: /static/css/fonts/slick.ttf
Not Found: /static/css/ajax-loader.gif
Not Found: /static/css/fonts/slick.woff
Not Found: /static/css/fonts/slick.ttf
Not Found: /static/css/ajax-loader.gif
Not Found: /static/css/fonts/slick.woff
Not Found: /static/css/fonts/slick.ttf
Not Found: /static/css/ajax-loader.gif
Not Found: /static/css/fonts/slick.woff
Not Found: /static/css/fonts/slick.ttf
Invalid HTTP_HOST header: 'www.merledupk.org'. You may need to add 'www.merledupk.org' to ALLOWED_HOSTS.
Bad Request: /img/team/dr-ali.png
Not Found: /static/bootstrap/js/bootstrap.bundle.min.js.map
Not Found: /style.css
Not Found: /static/css/fonts/slick.woff
2022-01-16 11:36:08.009192 [UID:2122][719074] Reached max children process limit: 6, extra: 2, current: 8, busy: 7, please increase LSAPI_CHILDREN.
2022-01-16 11:36:08.109436 [UID:2122][719074] Reached max children process limit: 6, extra: 2, current: 8, busy: 8, please increase LSAPI_CHILDREN.
2022-01-16 11:36:08.209693 [UID:2122][719074] Reached max children process limit: 6, extra: 2, current: 8, busy: 8, please increase LSAPI_CHILDREN.
2022-01-16 11:36:08.310005 [UID:2122][719074] Reached max children process limit: 6, extra: 2, current: 8, busy: 8, please increase LSAPI_CHILDREN.
2022-01-16 11:36:08.410306 [UID:2122][719074] Reached max children process limit: 6, extra: 2, current: 8, busy: 8, please increase LSAPI_CHILDREN.
2022-01-16 11:36:08.510548 [UID:2122][719074] Reached max children process limit: 6, extra: 2, current: 8, busy: 8, please increase LSAPI_CHILDREN.
2022-01-16 11:36:08.610838 [UID:2122][719074] Reached max children process limit: 6, extra: 2, current: 8, busy: 8, please increase LSAPI_CHILDREN.
2022-01-16 11:36:08.711054 [UID:2122][719074] Reached max children process limit: 6, extra: 2, current: 8, busy: 8, please increase LSAPI_CHILDREN.
2022-01-16 11:36:08.811260 [UID:2122][719074] Reached max children process limit: 6, extra: 2, current: 8, busy: 8, please increase LSAPI_CHILDREN.
2022-01-16 11:36:08.911458 [UID:2122][719074] Reached max children process limit: 6, extra: 2, current: 8, busy: 8, please increase LSAPI_CHILDREN.
2022-01-16 11:36:09.011738 [UID:2122][719074] Reached max children process limit: 6, extra: 2, current: 8, busy: 8, please increase LSAPI_CHILDREN.
2022-01-16 11:36:09.112041 [UID:2122][719074] Reached max children process limit: 6, extra: 2, current: 8, busy: 8, please increase LSAPI_CHILDREN.
2022-01-16 11:36:09.212311 [UID:2122][719074] Reached max children process limit: 6, extra: 2, current: 8, busy: 8, please increase LSAPI_CHILDREN.
2022-01-16 11:36:09.312560 [UID:2122][719074] Reached max children process limit: 6, extra: 2, current: 8, busy: 8, please increase LSAPI_CHILDREN.
2022-01-16 11:36:09.412859 [UID:2122][719074] Reached max children process limit: 6, extra: 2, current: 8, busy: 8, please increase LSAPI_CHILDREN.
2022-01-16 11:36:09.513143 [UID:2122][719074] Reached max children process limit: 6, extra: 2, current: 8, busy: 8, please increase LSAPI_CHILDREN.
2022-01-16 11:36:09.613469 [UID:2122][719074] Reached max children process limit: 6, extra: 2, current: 8, busy: 8, please increase LSAPI_CHILDREN.
2022-01-16 11:36:09.713763 [UID:2122][719074] Reached max children process limit: 6, extra: 2, current: 8, busy: 8, please increase LSAPI_CHILDREN.
2022-01-16 11:36:09.814041 [UID:2122][719074] Reached max children process limit: 6, extra: 2, current: 8, busy: 8, please increase LSAPI_CHILDREN.
2022-01-16 11:36:09.914307 [UID:2122][719074] Reached max children process limit: 6, extra: 2, current: 8, busy: 8, please increase LSAPI_CHILDREN.
2022-01-16 11:36:10.014569 [UID:2122][719074] Reached max children process limit: 6, extra: 2, current: 8, busy: 8, please increase LSAPI_CHILDREN.
2022-01-16 11:36:10.114884 [UID:2122][719074] Reached max children process limit: 6, extra: 2, current: 8, busy: 8, please increase LSAPI_CHILDREN.
2022-01-16 11:36:10.196102 [UID:2122][719074] Reached max children process limit: 6, extra: 2, current: 8, busy: 8, please increase LSAPI_CHILDREN.
2022-01-16 11:36:10.217755 [UID:2122][719074] Reached max children process limit: 6, extra: 2, current: 8, busy: 7, please increase LSAPI_CHILDREN.
2022-01-16 11:36:10.225698 [UID:2122][719074] Reached max children process limit: 6, extra: 2, current: 8, busy: 7, please increase LSAPI_CHILDREN.
2022-01-16 11:36:10.326003 [UID:2122][719074] Reached max children process limit: 6, extra: 2, current: 8, busy: 8, please increase LSAPI_CHILDREN.
2022-01-16 11:36:10.426275 [UID:2122][719074] Reached max children process limit: 6, extra: 2, current: 8, busy: 8, please increase LSAPI_CHILDREN.
2022-01-16 11:36:10.526574 [UID:2122][719074] Reached max children process limit: 6, extra: 2, current: 8, busy: 8, please increase LSAPI_CHILDREN.
2022-01-16 11:36:10.626952 [UID:2122][719074] Reached max children process limit: 6, extra: 2, current: 8, busy: 8, please increase LSAPI_CHILDREN.
2022-01-16 11:36:10.727233 [UID:2122][719074] Reached max children process limit: 6, extra: 2, current: 8, busy: 8, please increase LSAPI_CHILDREN.
2022-01-16 11:36:10.827527 [UID:2122][719074] Reached max children process limit: 6, extra: 2, current: 8, busy: 8, please increase LSAPI_CHILDREN.
2022-01-16 11:36:10.927772 [UID:2122][719074] Reached max children process limit: 6, extra: 2, current: 8, busy: 8, please increase LSAPI_CHILDREN.
Not Found: /static/css/fonts/slick.ttf
2022-01-16 11:36:27.651596 [UID:2122][719074] Child process with pid: 1197060 was killed by signal: 15, core dump: 0
Not Found: /static/css/fonts/slick.woff
Not Found: /static/css/fonts/slick.ttf
Invalid HTTP_HOST header: 'www.merledupk.org'. You may need to add 'www.merledupk.org' to ALLOWED_HOSTS.
Bad Request: /careers.php
Invalid HTTP_HOST header: 'www.merledupk.org'. You may need to add 'www.merledupk.org' to ALLOWED_HOSTS.
Bad Request: /favicon.ico
Not Found: /static/css/fonts/slick.woff
Not Found: /static/css/fonts/slick.ttf
Not Found: /static/css/ajax-loader.gif
Not Found: /static/css/fonts/slick.woff
Not Found: /static/css/fonts/slick.ttf
Not Found: /static/img/logo%2520(1).png
Not Found: /static/css/fonts/slick.woff
Not Found: /static/css/fonts/slick.ttf
Not Found: /static/css/ajax-loader.gif
2022-01-16 11:51:06.618277 [UID:2122][719074] Reached max children process limit: 6, extra: 2, current: 8, busy: 8, please increase LSAPI_CHILDREN.
2022-01-16 11:51:06.716063 [UID:2122][719074] Reached max children process limit: 6, extra: 2, current: 8, busy: 7, please increase LSAPI_CHILDREN.
2022-01-16 11:51:06.816457 [UID:2122][719074] Reached max children process limit: 6, extra: 2, current: 8, busy: 8, please increase LSAPI_CHILDREN.
2022-01-16 11:51:06.916902 [UID:2122][719074] Reached max children process limit: 6, extra: 2, current: 8, busy: 8, please increase LSAPI_CHILDREN.
2022-01-16 11:51:07.017363 [UID:2122][719074] Reached max children process limit: 6, extra: 2, current: 8, busy: 8, please increase LSAPI_CHILDREN.
Not Found: /static/css/fonts/slick.woff
Not Found: /static/css/ajax-loader.gif
2022-01-16 11:51:07.117642 [UID:2122][719074] Reached max children process limit: 6, extra: 2, current: 8, busy: 8, please increase LSAPI_CHILDREN.
2022-01-16 11:51:07.218084 [UID:2122][719074] Reached max children process limit: 6, extra: 2, current: 8, busy: 8, please increase LSAPI_CHILDREN.
2022-01-16 11:51:07.318557 [UID:2122][719074] Reached max children process limit: 6, extra: 2, current: 8, busy: 8, please increase LSAPI_CHILDREN.
2022-01-16 11:51:07.419043 [UID:2122][719074] Reached max children process limit: 6, extra: 2, current: 8, busy: 8, please increase LSAPI_CHILDREN.
2022-01-16 11:51:07.519458 [UID:2122][719074] Reached max children process limit: 6, extra: 2, current: 8, busy: 8, please increase LSAPI_CHILDREN.
2022-01-16 11:51:07.619992 [UID:2122][719074] Reached max children process limit: 6, extra: 2, current: 8, busy: 8, please increase LSAPI_CHILDREN.
Not Found: /static/css/fonts/slick.ttf
Invalid HTTP_HOST header: 'www.merledupk.org'. You may need to add 'www.merledupk.org' to ALLOWED_HOSTS.
Bad Request: /robots.txt
Invalid HTTP_HOST header: 'www.merledupk.org'. You may need to add 'www.merledupk.org' to ALLOWED_HOSTS.
Bad Request: /llvm.php
Not Found: /static/css/fonts/slick.woff
Not Found: /static/css/fonts/slick.ttf
OSError: LSAPI: File error
2022-01-16 11:56:25.236973 [UID:2122][719074] Reached max children process limit: 6, extra: 2, current: 8, busy: 7, please increase LSAPI_CHILDREN.
2022-01-16 11:56:25.337263 [UID:2122][719074] Reached max children process limit: 6, extra: 2, current: 8, busy: 8, please increase LSAPI_CHILDREN.
Not Found: /static/css/fonts/slick.woff
2022-01-16 11:56:25.437559 [UID:2122][719074] Reached max children process limit: 6, extra: 2, current: 8, busy: 8, please increase LSAPI_CHILDREN.
2022-01-16 11:56:25.537765 [UID:2122][719074] Reached max children process limit: 6, extra: 2, current: 8, busy: 8, please increase LSAPI_CHILDREN.
2022-01-16 11:56:25.638071 [UID:2122][719074] Reached max children process limit: 6, extra: 2, current: 8, busy: 8, please increase LSAPI_CHILDREN.
Not Found: /static/css/ajax-loader.gif
2022-01-16 11:56:25.738275 [UID:2122][719074] Reached max children process limit: 6, extra: 2, current: 8, busy: 8, please increase LSAPI_CHILDREN.
2022-01-16 11:56:25.838515 [UID:2122][719074] Reached max children process limit: 6, extra: 2, current: 8, busy: 8, please increase LSAPI_CHILDREN.
2022-01-16 11:56:25.938795 [UID:2122][719074] Reached max children process limit: 6, extra: 2, current: 8, busy: 8, please increase LSAPI_CHILDREN.
2022-01-16 11:56:26.039006 [UID:2122][719074] Reached max children process limit: 6, extra: 2, current: 8, busy: 8, please increase LSAPI_CHILDREN.
2022-01-16 11:56:26.139229 [UID:2122][719074] Reached max children process limit: 6, extra: 2, current: 8, busy: 8, please increase LSAPI_CHILDREN.
2022-01-16 11:56:26.239551 [UID:2122][719074] Reached max children process limit: 6, extra: 2, current: 8, busy: 8, please increase LSAPI_CHILDREN.
Not Found: /static/css/fonts/slick.ttf
2022-01-16 11:56:26.339781 [UID:2122][719074] Reached max children process limit: 6, extra: 2, current: 8, busy: 8, please increase LSAPI_CHILDREN.
2022-01-16 11:56:26.440093 [UID:2122][719074] Reached max children process limit: 6, extra: 2, current: 8, busy: 8, please increase LSAPI_CHILDREN.
2022-01-16 11:56:26.540393 [UID:2122][719074] Reached max children process limit: 6, extra: 2, current: 8, busy: 8, please increase LSAPI_CHILDREN.
2022-01-16 11:56:26.640660 [UID:2122][719074] Reached max children process limit: 6, extra: 2, current: 8, busy: 8, please increase LSAPI_CHILDREN.
2022-01-16 11:56:26.740896 [UID:2122][719074] Reached max children process limit: 6, extra: 2, current: 8, busy: 8, please increase LSAPI_CHILDREN.
2022-01-16 11:56:26.841125 [UID:2122][719074] Reached max children process limit: 6, extra: 2, current: 8, busy: 8, please increase LSAPI_CHILDREN.
2022-01-16 11:56:26.941489 [UID:2122][719074] Reached max children process limit: 6, extra: 2, current: 8, busy: 8, please increase LSAPI_CHILDREN.
Not Found: /static/css/fonts/slick.woff
Not Found: /static/css/ajax-loader.gif
Not Found: /static/css/fonts/slick.woff
Not Found: /static/css/fonts/slick.ttf
Not Found: /static/css/fonts/slick.woff
Not Found: /static/css/ajax-loader.gif
Not Found: /static/css/fonts/slick.ttf
Not Found: /style.css
Not Found: /static/css/fonts/slick.woff
2022-01-16 12:01:48.788051 [UID:2122][719074] Reached max children process limit: 6, extra: 2, current: 8, busy: 7, please increase LSAPI_CHILDREN.
2022-01-16 12:01:48.888547 [UID:2122][719074] Reached max children process limit: 6, extra: 2, current: 8, busy: 8, please increase LSAPI_CHILDREN.
2022-01-16 12:01:48.988770 [UID:2122][719074] Reached max children process limit: 6, extra: 2, current: 8, busy: 8, please increase LSAPI_CHILDREN.
2022-01-16 12:01:49.089044 [UID:2122][719074] Reached max children process limit: 6, extra: 2, current: 8, busy: 8, please increase LSAPI_CHILDREN.
2022-01-16 12:01:49.189391 [UID:2122][719074] Reached max children process limit: 6, extra: 2, current: 8, busy: 8, please increase LSAPI_CHILDREN.
2022-01-16 12:01:49.289640 [UID:2122][719074] Reached max children process limit: 6, extra: 2, current: 8, busy: 8, please increase LSAPI_CHILDREN.
2022-01-16 12:01:49.390141 [UID:2122][719074] Reached max children process limit: 6, extra: 2, current: 8, busy: 8, please increase LSAPI_CHILDREN.
2022-01-16 12:01:49.490556 [UID:2122][719074] Reached max children process limit: 6, extra: 2, current: 8, busy: 8, please increase LSAPI_CHILDREN.
Not Found: /static/css/fonts/slick.ttf
2022-01-16 12:01:49.591003 [UID:2122][719074] Reached max children process limit: 6, extra: 2, current: 8, busy: 8, please increase LSAPI_CHILDREN.
2022-01-16 12:01:49.691493 [UID:2122][719074] Reached max children process limit: 6, extra: 2, current: 8, busy: 8, please increase LSAPI_CHILDREN.
2022-01-16 12:01:49.718516 [UID:2122][719074] Reached max children process limit: 6, extra: 2, current: 8, busy: 7, please increase LSAPI_CHILDREN.
2022-01-16 12:01:49.819071 [UID:2122][719074] Reached max children process limit: 6, extra: 2, current: 8, busy: 8, please increase LSAPI_CHILDREN.
2022-01-16 12:01:49.919641 [UID:2122][719074] Reached max children process limit: 6, extra: 2, current: 8, busy: 8, please increase LSAPI_CHILDREN.
2022-01-16 12:01:50.020191 [UID:2122][719074] Reached max children process limit: 6, extra: 2, current: 8, busy: 8, please increase LSAPI_CHILDREN.
2022-01-16 12:01:50.120611 [UID:2122][719074] Reached max children process limit: 6, extra: 2, current: 8, busy: 8, please increase LSAPI_CHILDREN.
Not Found: /static/css/ajax-loader.gif
Not Found: /static/css/fonts/slick.woff
Not Found: /static/css/fonts/slick.ttf
2022-01-16 12:02:46.749899 [UID:2122][719074] Reached max children process limit: 6, extra: 2, current: 8, busy: 7, please increase LSAPI_CHILDREN.
2022-01-16 12:02:46.850393 [UID:2122][719074] Reached max children process limit: 6, extra: 2, current: 8, busy: 8, please increase LSAPI_CHILDREN.
2022-01-16 12:02:46.950970 [UID:2122][719074] Reached max children process limit: 6, extra: 2, current: 8, busy: 8, please increase LSAPI_CHILDREN.
Not Found: /static/css/ajax-loader.gif
2022-01-16 12:02:47.051204 [UID:2122][719074] Reached max children process limit: 6, extra: 2, current: 8, busy: 8, please increase LSAPI_CHILDREN.
2022-01-16 12:02:47.151786 [UID:2122][719074] Reached max children process limit: 6, extra: 2, current: 8, busy: 8, please increase LSAPI_CHILDREN.
[<project: IBTIDA (ابتدا)>]
[<project: Oxygen Simulator>]
Not Found: /static/css/fonts/slick.woff
Not Found: /static/css/fonts/slick.ttf
2022-01-16 12:02:58.038419 [UID:2122][719074] Child process with pid: 1599559 was killed by signal: 15, core dump: 0
OSError: LSAPI: File error
Not Found: /static/css/fonts/slick.woff
Not Found: /static/css/fonts/slick.ttf
Not Found: /static/css/ajax-loader.gif
Not Found: /static/css/fonts/slick.woff
Not Found: /static/css/fonts/slick.ttf
Not Found: /static/css/ajax-loader.gif
Not Found: /static/css/fonts/slick.woff
Not Found: /static/css/fonts/slick.ttf
2022-01-16 12:05:39.197546 [UID:2122][719074] Child process with pid: 1646608 was killed by signal: 15, core dump: 0
Not Found: /static/css/fonts/slick.woff
OSError: LSAPI: File error
Not Found: /static/css/fonts/slick.woff
Not Found: /static/css/ajax-loader.gif
OSError: LSAPI: File error
Not Found: /static/css/fonts/slick.ttf
Not Found: /static/css/fonts/slick.woff
Not Found: /static/css/fonts/slick.ttf
Not Found: /static/css/fonts/slick.woff
Not Found: /static/css/ajax-loader.gif
Not Found: /static/css/fonts/slick.ttf
Not Found: /static/css/fonts/slick.woff
Not Found: /static/css/fonts/slick.ttf
2022-01-16 12:19:33.445009 [UID:2122][719074] Child process with pid: 1842229 was killed by signal: 15, core dump: 0
2022-01-16 12:19:48.801130 [UID:2122][719074] Reached max children process limit: 6, extra: 2, current: 8, busy: 8, please increase LSAPI_CHILDREN.
2022-01-16 12:19:48.901402 [UID:2122][719074] Reached max children process limit: 6, extra: 2, current: 8, busy: 8, please increase LSAPI_CHILDREN.
2022-01-16 12:19:49.001617 [UID:2122][719074] Reached max children process limit: 6, extra: 2, current: 8, busy: 8, please increase LSAPI_CHILDREN.
2022-01-16 12:19:49.101807 [UID:2122][719074] Reached max children process limit: 6, extra: 2, current: 8, busy: 8, please increase LSAPI_CHILDREN.
[<project: BURQ IDE>]
OSError: LSAPI: File error
OSError: LSAPI: File error
OSError: LSAPI: File error
[<project: GHAZI (غازی)>, <project: Azadi (آزادی)>]
2022-01-16 12:19:49.202055 [UID:2122][719074] Reached max children process limit: 6, extra: 2, current: 8, busy: 8, please increase LSAPI_CHILDREN.
Not Found: /static/css/fonts/slick.woff
Not Found: /static/css/fonts/slick.ttf
Not Found: /static/css/ajax-loader.gif
Invalid HTTP_HOST header: 'www.merledupk.org'. You may need to add 'www.merledupk.org' to ALLOWED_HOSTS.
Bad Request: /robots.txt
Invalid HTTP_HOST header: 'www.merledupk.org'. You may need to add 'www.merledupk.org' to ALLOWED_HOSTS.
Bad Request: /
Not Found: /static/bootstrap/js/bootstrap.bundle.min.js.map
Not Found: /static/css/ajax-loader.gif
Not Found: /static/css/fonts/slick.woff
Not Found: /static/css/fonts/slick.ttf
Not Found: /static/img/logo%2520(1).png
Not Found: /static/bootstrap/js/bootstrap.bundle.min.js.map
Not Found: /static/css/fonts/slick.woff
Not Found: /static/css/ajax-loader.gif
Not Found: /static/css/fonts/slick.ttf
Not Found: /static/admin/css/changelists.css
Not Found: /static/admin/js/vendor/jquery/jquery.js
Not Found: /static/admin/js/jquery.init.js
Not Found: /static/admin/js/core.js
Not Found: /static/admin/js/admin/RelatedObjectLookups.js
Not Found: /static/admin/js/actions.js
Not Found: /static/admin/js/urlify.js
Not Found: /static/admin/js/prepopulate.js
Not Found: /static/admin/js/vendor/xregexp/xregexp.js
Not Found: /static/admin/js/vendor/jquery/jquery.js
Not Found: /static/admin/js/jquery.init.js
Not Found: /static/admin/js/core.js
Not Found: /static/admin/js/admin/RelatedObjectLookups.js
Not Found: /static/admin/js/actions.js
Not Found: /static/admin/js/urlify.js
Not Found: /static/admin/js/prepopulate.js
Not Found: /static/admin/js/vendor/xregexp/xregexp.js
Not Found: /static/admin/img/tooltag-add.svg
Not Found: /favicon.ico
Not Found: /static/admin/css/forms.css
Not Found: /static/admin/js/core.js
Not Found: /static/admin/js/vendor/jquery/jquery.js
Not Found: /static/admin/js/admin/RelatedObjectLookups.js
Not Found: /static/admin/js/actions.js
Not Found: /static/admin/js/calendar.js
Not Found: /static/admin/js/urlify.js
Not Found: /static/admin/js/jquery.init.js
Not Found: /static/admin/js/admin/DateTimeShortcuts.js
Not Found: /static/admin/js/vendor/xregexp/xregexp.js
Not Found: /static/admin/js/prepopulate.js
Not Found: /static/admin/js/vendor/jquery/jquery.js
Not Found: /static/admin/js/prepopulate_init.js
Not Found: /static/admin/js/calendar.js
Not Found: /static/admin/js/jquery.init.js
Not Found: /static/admin/js/change_form.js
Not Found: /static/admin/js/admin/DateTimeShortcuts.js
Not Found: /static/admin/js/core.js
Not Found: /static/admin/js/admin/RelatedObjectLookups.js
Not Found: /static/admin/js/actions.js
Not Found: /static/admin/js/urlify.js
Not Found: /static/admin/js/prepopulate.js
Not Found: /static/admin/js/vendor/xregexp/xregexp.js
Not Found: /static/admin/js/change_form.js
Not Found: /static/admin/js/prepopulate_init.js
Not Found: /static/admin/js/vendor/jquery/jquery.js
Not Found: /static/admin/css/changelists.css
Not Found: /static/admin/js/core.js
Not Found: /static/admin/js/jquery.init.js
Not Found: /static/admin/js/prepopulate.js
Not Found: /static/admin/js/vendor/xregexp/xregexp.js
Not Found: /static/admin/js/urlify.js
Not Found: /static/admin/js/actions.js
Not Found: /static/admin/js/admin/RelatedObjectLookups.js
Not Found: /static/admin/js/vendor/jquery/jquery.js
Not Found: /static/admin/js/jquery.init.js
Not Found: /static/admin/js/core.js
Not Found: /static/admin/js/admin/RelatedObjectLookups.js
Not Found: /static/admin/js/actions.js
Not Found: /static/admin/js/urlify.js
Not Found: /static/admin/js/prepopulate.js
Not Found: /static/admin/js/vendor/xregexp/xregexp.js
Not Found: /static/admin/img/icon-yes.svg
Not Found: /static/admin/img/tooltag-add.svg
Not Found: /static/css/ajax-loader.gif
Not Found: /static/css/fonts/slick.woff
Not Found: /static/css/fonts/slick.ttf
Not Found: /static/admin/css/forms.css
Not Found: /static/admin/js/vendor/jquery/jquery.js
Not Found: /static/admin/js/core.js
Not Found: /static/admin/js/admin/RelatedObjectLookups.js
Not Found: /static/admin/js/actions.js
Not Found: /static/admin/js/urlify.js
Not Found: /static/admin/js/jquery.init.js
Not Found: /static/admin/js/calendar.js
Not Found: /static/admin/js/admin/DateTimeShortcuts.js
Not Found: /static/admin/js/prepopulate.js
Not Found: /static/admin/js/vendor/xregexp/xregexp.js
Not Found: /static/admin/js/vendor/jquery/jquery.js
Not Found: /static/admin/js/prepopulate_init.js
Not Found: /static/admin/js/calendar.js
Not Found: /static/admin/js/change_form.js
Not Found: /static/admin/js/jquery.init.js
Not Found: /static/admin/js/admin/DateTimeShortcuts.js
Not Found: /static/admin/js/core.js
Not Found: /static/admin/js/admin/RelatedObjectLookups.js
Not Found: /static/admin/js/actions.js
Not Found: /static/admin/js/urlify.js
Not Found: /static/admin/js/prepopulate.js
Not Found: /static/admin/js/vendor/xregexp/xregexp.js
Not Found: /static/admin/js/change_form.js
Not Found: /static/admin/js/prepopulate_init.js
Not Found: /static/admin/css/changelists.css
Not Found: /static/admin/js/vendor/jquery/jquery.js
Not Found: /static/admin/js/jquery.init.js
Not Found: /static/admin/js/core.js
Not Found: /static/admin/js/admin/RelatedObjectLookups.js
Not Found: /static/admin/js/actions.js
Not Found: /static/admin/js/urlify.js
Not Found: /static/admin/js/prepopulate.js
Not Found: /static/admin/js/vendor/xregexp/xregexp.js
Not Found: /static/admin/img/icon-yes.svg
Not Found: /static/admin/img/tooltag-add.svg
Not Found: /static/css/fonts/slick.woff
Not Found: /static/css/ajax-loader.gif
Not Found: /static/css/fonts/slick.ttf
Not Found: /static/css/fonts/slick.woff
Not Found: /static/css/fonts/slick.ttf
Not Found: /static/css/fonts/slick.woff
Not Found: /static/css/fonts/slick.ttf
Not Found: /static/img/logo%2520(1).png
OSError: LSAPI: File error
Not Found: /static/admin/css/changelists.css
Not Found: /static/admin/js/vendor/jquery/jquery.js
Not Found: /static/admin/js/jquery.init.js
Not Found: /static/admin/js/core.js
Not Found: /static/admin/js/admin/RelatedObjectLookups.js
Not Found: /static/admin/js/actions.js
Not Found: /static/admin/js/urlify.js
Not Found: /static/admin/js/prepopulate.js
Not Found: /static/admin/js/vendor/jquery/jquery.js
Not Found: /static/admin/js/vendor/xregexp/xregexp.js
Not Found: /static/admin/js/jquery.init.js
Not Found: /static/admin/js/core.js
Not Found: /static/admin/js/admin/RelatedObjectLookups.js
Not Found: /static/admin/js/actions.js
Not Found: /static/admin/js/urlify.js
Not Found: /static/admin/js/prepopulate.js
Not Found: /static/admin/js/vendor/xregexp/xregexp.js
Not Found: /static/admin/img/tooltag-add.svg
Not Found: /favicon.ico
Not Found: /static/css/ajax-loader.gif
Not Found: /static/css/fonts/slick.woff
Not Found: /static/css/fonts/slick.ttf
Internal Server Error: /
Traceback (most recent call last):
  File "/home2/merledup/virtualenv/production.python/3.7/lib/python3.7/site-packages/django/core/handlers/exception.py", line 47, in inner
    response = get_response(request)
  File "/home2/merledup/virtualenv/production.python/3.7/lib/python3.7/site-packages/django/core/handlers/base.py", line 181, in _get_response
    response = wrapped_callback(request, *callback_args, **callback_kwargs)
  File "/home2/merledup/public_html/pages/views.py", line 17, in home_page
    '-score') #.objects.all()
  File "/home2/merledup/virtualenv/production.python/3.7/lib/python3.7/site-packages/django/db/models/manager.py", line 85, in manager_method
    return getattr(self.get_queryset(), name)(*args, **kwargs)
  File "/home2/merledup/virtualenv/production.python/3.7/lib/python3.7/site-packages/django/db/models/query.py", line 1149, in order_by
    obj.query.add_ordering(*field_names)
  File "/home2/merledup/virtualenv/production.python/3.7/lib/python3.7/site-packages/django/db/models/sql/query.py", line 1996, in add_ordering
    self.names_to_path(item.split(LOOKUP_SEP), self.model._meta)
  File "/home2/merledup/virtualenv/production.python/3.7/lib/python3.7/site-packages/django/db/models/sql/query.py", line 1543, in names_to_path
    "Choices are: %s" % (name, ", ".join(available)))
django.core.exceptions.FieldError: Cannot resolve keyword 'score' into field. Choices are: category, category_id, content, cover, date, id, longCover, title
Not Found: /static/css/ajax-loader.gif
Not Found: /static/css/fonts/slick.woff
Not Found: /static/css/fonts/slick.ttf
Not Found: /static/css/ajax-loader.gif
Not Found: /static/css/fonts/slick.woff
Not Found: /static/css/fonts/slick.ttf
Not Found: /static/css/ajax-loader.gif
Not Found: /static/css/fonts/slick.woff
Not Found: /static/css/fonts/slick.ttf
Not Found: /static/css/ajax-loader.gif
Not Found: /static/css/fonts/slick.woff
Not Found: /static/css/fonts/slick.ttf
Not Found: /static/css/ajax-loader.gif
Not Found: /static/css/fonts/slick.woff
Not Found: /static/css/fonts/slick.ttf
Not Found: /static/css/ajax-loader.gif
Not Found: /static/css/fonts/slick.woff
Not Found: /static/css/fonts/slick.ttf
Not Found: /static/css/ajax-loader.gif
Not Found: /static/css/fonts/slick.woff
Not Found: /static/css/fonts/slick.ttf
Not Found: /static/css/ajax-loader.gif
Not Found: /static/css/fonts/slick.woff
Not Found: /static/css/fonts/slick.ttf
Not Found: /static/css/ajax-loader.gif
Not Found: /static/css/fonts/slick.woff
Not Found: /static/css/fonts/slick.ttf
Not Found: /static/css/fonts/slick.woff
Not Found: /static/css/fonts/slick.ttf
Not Found: /static/css/ajax-loader.gif
Not Found: /static/css/ajax-loader.gif
Not Found: /static/css/fonts/slick.woff
Not Found: /static/css/fonts/slick.ttf
Not Found: /static/css/ajax-loader.gif
Not Found: /static/css/fonts/slick.woff
Not Found: /static/css/fonts/slick.ttf
Not Found: /static/css/ajax-loader.gif
Not Found: /static/css/fonts/slick.woff
Not Found: /static/css/fonts/slick.ttf
Not Found: /static/css/ajax-loader.gif
Not Found: /static/css/fonts/slick.woff
Not Found: /static/css/fonts/slick.ttf
Not Found: /static/css/ajax-loader.gif
Not Found: /static/css/fonts/slick.woff
Not Found: /static/css/fonts/slick.ttf
Not Found: /static/css/fonts/slick.woff
Not Found: /static/css/fonts/slick.ttf
Not Found: /static/css/ajax-loader.gif
Not Found: /static/css/ajax-loader.gif
Not Found: /static/css/fonts/slick.woff
Not Found: /static/css/fonts/slick.ttf
Not Found: /static/css/fonts/slick.woff
Not Found: /static/css/fonts/slick.ttf
OSError: LSAPI: Socket read/write error
[<project: Reverse Engineering of Rocket Chip>]
[<project: LLVM Compiler>]
[<project: GHAZI (غازی)>, <project: Azadi (آزادی)>]
[<project: Oxygen Simulator>]
[<project: IBTIDA (ابتدا)>]
[<project: BURQ IDE>]
[<project: GHAZI (غازی)>, <project: Azadi (آزادی)>]
[<project: Oxygen Simulator>]
[<project: BURQ IDE>]
[<project: GHAZI (غازی)>, <project: Azadi (آزادی)>]
[<project: IBTIDA (ابتدا)>]
[<project: LLVM Compiler>]
[<project: Oxygen Simulator>]
[<project: Oxygen Simulator>]
[<project: BURQ IDE>]
[<project: Reverse Engineering of Rocket Chip>]
[<project: LLVM Compiler>]
[<project: GHAZI (غازی)>, <project: Azadi (آزادی)>]
[<project: IBTIDA (ابتدا)>]
[<project: Oxygen Simulator>]
[<project: LLVM Compiler>]
[<project: Reverse Engineering of Rocket Chip>]
[<project: BURQ IDE>]
[<project: GHAZI (غازی)>, <project: Azadi (آزادی)>]
[<project: IBTIDA (ابتدا)>]
[<project: Oxygen Simulator>]
[<project: IBTIDA (ابتدا)>]
[<project: IBTIDA (ابتدا)>]
[<project: Oxygen Simulator>]
[<project: IBTIDA (ابتدا)>]
[<project: GHAZI (غازی)>, <project: Azadi (آزادی)>]
[<project: BURQ IDE>]
[<project: IBTIDA (ابتدا)>]
[<project: Oxygen Simulator>]
[<project: LLVM Compiler>]
[<project: Reverse Engineering of Rocket Chip>]
[<project: BURQ IDE>]
[<project: IBTIDA (ابتدا)>]
[<project: GHAZI (غازی)>, <project: Azadi (آزادی)>]
[<project: LLVM Compiler>]
[<project: Oxygen Simulator>]
[<project: IBTIDA (ابتدا)>]
[<project: GHAZI (غازی)>, <project: Azadi (آزادی)>]
[<project: BURQ IDE>]
[<project: Reverse Engineering of Rocket Chip>]
[<project: LLVM Compiler>]
[<project: Oxygen Simulator>]
[<project: BURQ IDE>]
[<project: Reverse Engineering of Rocket Chip>]
[<project: LLVM Compiler>]
[<project: Oxygen Simulator>]
[<project: BURQ IDE>]
[<project: Reverse Engineering of Rocket Chip>]
[<project: LLVM Compiler>]
[<project: Oxygen Simulator>]
[<project: BURQ IDE>]
[<project: Reverse Engineering of Rocket Chip>]
[<project: LLVM Compiler>]
[<project: Oxygen Simulator>]
[<project: BURQ IDE>]
[<project: Reverse Engineering of Rocket Chip>]
[<project: LLVM Compiler>]
[<project: Oxygen Simulator>]
[<project: BURQ IDE>]
[<project: Reverse Engineering of Rocket Chip>]
[<project: LLVM Compiler>]
[<project: Oxygen Simulator>]
[<project: BURQ IDE>]
[<project: Reverse Engineering of Rocket Chip>]
[<project: LLVM Compiler>]
[<project: Oxygen Simulator>]
[<project: BURQ IDE>]
[<project: Reverse Engineering of Rocket Chip>]
[<project: LLVM Compiler>]
[<project: Oxygen Simulator>]
[<project: BURQ IDE>]
[<project: Reverse Engineering of Rocket Chip>]
[<project: LLVM Compiler>]
[<project: Oxygen Simulator>]
[<project: BURQ IDE>]
[<project: Reverse Engineering of Rocket Chip>]
[<project: LLVM Compiler>]
[<project: Oxygen Simulator>]
[<project: BURQ IDE>]
[<project: Reverse Engineering of Rocket Chip>]
[<project: LLVM Compiler>]
[<project: Oxygen Simulator>]
[<project: BURQ IDE>]
[<project: Reverse Engineering of Rocket Chip>]
[<project: LLVM Compiler>]
[<project: Oxygen Simulator>]
[<project: BURQ IDE>]
[<project: Reverse Engineering of Rocket Chip>]
[<project: LLVM Compiler>]
[<project: Oxygen Simulator>]
[<project: BURQ IDE>]
[<project: Reverse Engineering of Rocket Chip>]
[<project: LLVM Compiler>]
[<project: Oxygen Simulator>]
[<project: BURQ IDE>]
[<project: Reverse Engineering of Rocket Chip>]
[<project: LLVM Compiler>]
[<project: Oxygen Simulator>]
[<project: BURQ IDE>]
[<project: Reverse Engineering of Rocket Chip>]
[<project: LLVM Compiler>]
[<project: Oxygen Simulator>]
[<project: BURQ IDE>]
[<project: Reverse Engineering of Rocket Chip>]
[<project: LLVM Compiler>]
[<project: Oxygen Simulator>]
[<project: BURQ IDE>]
[<project: Reverse Engineering of Rocket Chip>]
[<project: LLVM Compiler>]
[<project: Oxygen Simulator>]
[<project: BURQ IDE>]
[<project: Reverse Engineering of Rocket Chip>]
[<project: LLVM Compiler>]
[<project: Oxygen Simulator>]
[<project: BURQ IDE>]
[<project: Reverse Engineering of Rocket Chip>]
[<project: LLVM Compiler>]
[<project: Oxygen Simulator>]
[<project: BURQ IDE>]
[<project: Reverse Engineering of Rocket Chip>]
[<project: LLVM Compiler>]
[<project: Oxygen Simulator>]
[<project: BURQ IDE>]
[<project: Reverse Engineering of Rocket Chip>]
[<project: LLVM Compiler>]
[<project: Oxygen Simulator>]
[<project: BURQ IDE>]
[<project: Reverse Engineering of Rocket Chip>]
[<project: LLVM Compiler>]
[<project: Oxygen Simulator>]
[<project: BURQ IDE>]
[<project: Reverse Engineering of Rocket Chip>]
[<project: LLVM Compiler>]
[<project: Oxygen Simulator>]
[<project: BURQ IDE>]
[<project: Reverse Engineering of Rocket Chip>]
[<project: LLVM Compiler>]
[<project: Oxygen Simulator>]
[<project: BURQ IDE>]
[<project: Reverse Engineering of Rocket Chip>]
[<project: LLVM Compiler>]
[<project: Oxygen Simulator>]
[<project: BURQ IDE>]
[<project: Reverse Engineering of Rocket Chip>]
[<project: LLVM Compiler>]
[<project: Oxygen Simulator>]
[<project: BURQ IDE>]
[<project: Reverse Engineering of Rocket Chip>]
[<project: LLVM Compiler>]
[<project: Oxygen Simulator>]
[<project: BURQ IDE>]
[<project: Reverse Engineering of Rocket Chip>]
[<project: LLVM Compiler>]
[<project: Oxygen Simulator>]
[<project: BURQ IDE>]
[<project: Reverse Engineering of Rocket Chip>]
[<project: LLVM Compiler>]
[<project: Oxygen Simulator>]
[<project: BURQ IDE>]
[<project: Reverse Engineering of Rocket Chip>]
[<project: LLVM Compiler>]
[<project: Oxygen Simulator>]
[<project: BURQ IDE>]
[<project: Reverse Engineering of Rocket Chip>]
[<project: LLVM Compiler>]
[<project: Oxygen Simulator>]
[<project: BURQ IDE>]
[<project: Reverse Engineering of Rocket Chip>]
[<project: LLVM Compiler>]
[<project: Oxygen Simulator>]
[<project: BURQ IDE>]
[<project: Reverse Engineering of Rocket Chip>]
[<project: LLVM Compiler>]
[<project: Oxygen Simulator>]
[<project: BURQ IDE>]
[<project: Reverse Engineering of Rocket Chip>]
[<project: LLVM Compiler>]
[<project: Oxygen Simulator>]
[<project: BURQ IDE>]
[<project: Reverse Engineering of Rocket Chip>]
[<project: LLVM Compiler>]
[<project: Oxygen Simulator>]
[<project: BURQ IDE>]
[<project: Reverse Engineering of Rocket Chip>]
[<project: LLVM Compiler>]
[<project: Oxygen Simulator>]
[<project: BURQ IDE>]
[<project: Reverse Engineering of Rocket Chip>]
[<project: LLVM Compiler>]
[<project: Oxygen Simulator>]
[<project: BURQ IDE>]
[<project: Reverse Engineering of Rocket Chip>]
[<project: LLVM Compiler>]
[<project: Oxygen Simulator>]
[<project: BURQ IDE>]
[<project: Reverse Engineering of Rocket Chip>]
[<project: LLVM Compiler>]
[<project: Oxygen Simulator>]
[<project: BURQ IDE>]
[<project: Reverse Engineering of Rocket Chip>]
[<project: LLVM Compiler>]
[<project: Oxygen Simulator>]
[<project: BURQ IDE>]
[<project: Reverse Engineering of Rocket Chip>]
[<project: LLVM Compiler>]
[<project: Oxygen Simulator>]
[<project: BURQ IDE>]
[<project: Reverse Engineering of Rocket Chip>]
[<project: LLVM Compiler>]
[<project: Oxygen Simulator>]
[<project: BURQ IDE>]
[<project: Reverse Engineering of Rocket Chip>]
[<project: LLVM Compiler>]
[<project: Oxygen Simulator>]
[<project: BURQ IDE>]
[<project: Reverse Engineering of Rocket Chip>]
[<project: LLVM Compiler>]
[<project: Oxygen Simulator>]
[<project: BURQ IDE>]
[<project: Reverse Engineering of Rocket Chip>]
[<project: LLVM Compiler>]
[<project: Oxygen Simulator>]
[<project: BURQ IDE>]
[<project: Reverse Engineering of Rocket Chip>]
[<project: LLVM Compiler>]
[<project: Oxygen Simulator>]
[<project: BURQ IDE>]
[<project: Reverse Engineering of Rocket Chip>]
[<project: LLVM Compiler>]
[<project: Oxygen Simulator>]
[<project: BURQ IDE>]
[<project: Reverse Engineering of Rocket Chip>]
[<project: LLVM Compiler>]
[<project: Oxygen Simulator>]
[<project: BURQ IDE>]
[<project: Reverse Engineering of Rocket Chip>]
[<project: LLVM Compiler>]
[<project: Oxygen Simulator>]
[<project: BURQ IDE>]
[<project: Reverse Engineering of Rocket Chip>]
[<project: LLVM Compiler>]
[<project: Oxygen Simulator>]
[<project: BURQ IDE>]
[<project: Reverse Engineering of Rocket Chip>]
[<project: LLVM Compiler>]
[<project: Oxygen Simulator>]
[<project: BURQ IDE>]
[<project: Reverse Engineering of Rocket Chip>]
[<project: LLVM Compiler>]
[<project: Oxygen Simulator>]
[<project: BURQ IDE>]
[<project: Reverse Engineering of Rocket Chip>]
[<project: LLVM Compiler>]
[<project: Oxygen Simulator>]
[<project: BURQ IDE>]
[<project: Reverse Engineering of Rocket Chip>]
[<project: LLVM Compiler>]
[<project: Oxygen Simulator>]
[<project: BURQ IDE>]
[<project: Reverse Engineering of Rocket Chip>]
[<project: LLVM Compiler>]
[<project: Oxygen Simulator>]
[<project: BURQ IDE>]
[<project: Reverse Engineering of Rocket Chip>]
[<project: LLVM Compiler>]
[<project: Oxygen Simulator>]
[<project: GHAZI (غازی)>, <project: Azadi (آزادی)>]
[<project: IBTIDA (ابتدا)>]
[<project: BURQ IDE>]
[<project: IBTIDA (ابتدا)>]
[<project: Oxygen Simulator>]
[<project: BURQ IDE>]
[<project: GHAZI (غازی)>, <project: Azadi (آزادی)>]
[<project: IBTIDA (ابتدا)>]
[<project: GHAZI (غازی)>, <project: Azadi (آزادی)>]
[<project: BURQ IDE>]
[<project: IBTIDA (ابتدا)>]
[<project: GHAZI (غازی)>, <project: Azadi (آزادی)>]
[<project: IBTIDA (ابتدا)>]
[<project: GHAZI (غازی)>, <project: Azadi (آزادی)>]
[<project: IBTIDA (ابتدا)>]
[<project: GHAZI (غازی)>, <project: Azadi (آزادی)>]
[<project: Oxygen Simulator>]
[<project: BURQ IDE>]
[<project: LLVM Compiler>]
[<project: Reverse Engineering of Rocket Chip>]
[<project: Oxygen Simulator>]
[<project: IBTIDA (ابتدا)>]
[<project: GHAZI (غازی)>, <project: Azadi (آزادی)>]
[<project: IBTIDA (ابتدا)>]
[<project: LLVM Compiler>]
[<project: GHAZI (غازی)>, <project: Azadi (آزادی)>]
[<project: Oxygen Simulator>]
[<project: IBTIDA (ابتدا)>]
[<project: BURQ IDE>]
[<project: Reverse Engineering of Rocket Chip>]
[<project: BURQ IDE>]
[<project: IBTIDA (ابتدا)>]
[<project: BURQ IDE>]
[<project: GHAZI (غازی)>, <project: Azadi (آزادی)>]
[<project: Reverse Engineering of Rocket Chip>]
[<project: IBTIDA (ابتدا)>]
[<project: LLVM Compiler>]
[<project: Oxygen Simulator>]
[<project: GHAZI (غازی)>, <project: Azadi (آزادی)>]
[<project: Oxygen Simulator>]
[<project: BURQ IDE>]
[<project: IBTIDA (ابتدا)>]
[<project: Reverse Engineering of Rocket Chip>]
[<project: LLVM Compiler>]
[<project: Oxygen Simulator>]
[<project: IBTIDA (ابتدا)>]
[<project: GHAZI (غازی)>, <project: Azadi (آزادی)>]
[<project: IBTIDA (ابتدا)>]
[<project: Oxygen Simulator>]
[<project: IBTIDA (ابتدا)>]
[<project: Reverse Engineering of Rocket Chip>]
[<project: BURQ IDE>]
[<project: IBTIDA (ابتدا)>]
[<project: GHAZI (غازی)>, <project: Azadi (آزادی)>]
[<project: Oxygen Simulator>]
[<project: LLVM Compiler>]
[<project: Reverse Engineering of Rocket Chip>]
[<project: BURQ IDE>]
[<project: GHAZI (غازی)>, <project: Azadi (آزادی)>]
[<project: IBTIDA (ابتدا)>]
[<project: IBTIDA (ابتدا)>]
[<project: GHAZI (غازی)>, <project: Azadi (آزادی)>]
[<project: Oxygen Simulator>]
[<project: BURQ IDE>]
[<project: Oxygen Simulator>]
[<project: LLVM Compiler>]
[<project: BURQ IDE>]
[<project: LLVM Compiler>]
[<project: IBTIDA (ابتدا)>]
[<project: GHAZI (غازی)>, <project: Azadi (آزادی)>]
[<project: BURQ IDE>]
[<project: GHAZI (غازی)>, <project: Azadi (آزادی)>]
[<project: Reverse Engineering of Rocket Chip>]
[<project: IBTIDA (ابتدا)>]
[<project: IBTIDA (ابتدا)>]
[<project: LLVM Compiler>]
[<project: GHAZI (غازی)>, <project: Azadi (آزادی)>]
[<project: BURQ IDE>]
[<project: GHAZI (غازی)>, <project: Azadi (آزادی)>]
[<project: Oxygen Simulator>]
[<project: BURQ IDE>]
[<project: IBTIDA (ابتدا)>]
[<project: Oxygen Simulator>]
[<project: IBTIDA (ابتدا)>]
[<project: GHAZI (غازی)>, <project: Azadi (آزادی)>]
[<project: BURQ IDE>]
[<project: Reverse Engineering of Rocket Chip>]
[<project: Oxygen Simulator>]
[<project: Oxygen Simulator>]
[<project: Oxygen Simulator>]
[<project: Oxygen Simulator>]
[<project: Oxygen Simulator>]
[<project: BURQ IDE>]
[<project: Oxygen Simulator>]
[<project: Oxygen Simulator>]
[<project: Oxygen Simulator>]
[<project: Oxygen Simulator>]
[<project: BURQ IDE>]
[<project: BURQ IDE>]
[<project: BURQ IDE>]
[<project: BURQ IDE>]
[<project: BURQ IDE>]
[<project: GHAZI (غازی)>, <project: Azadi (آزادی)>]
[<project: IBTIDA (ابتدا)>]
[<project: Oxygen Simulator>]
OSError: LSAPI: Socket read/write error
[<project: IBTIDA (ابتدا)>]
[<project: IBTIDA (ابتدا)>]
[<project: IBTIDA (ابتدا)>]
[<project: GHAZI (غازی)>, <project: Azadi (آزادی)>]
[<project: LLVM Compiler>]
[<project: Reverse Engineering of Rocket Chip>]
[<project: Oxygen Simulator>]
[<project: IBTIDA (ابتدا)>]
[<project: GHAZI (غازی)>, <project: Azadi (آزادی)>]
[<project: GHAZI (غازی)>, <project: Azadi (آزادی)>]
[<project: Reverse Engineering of Rocket Chip>]
[<project: Oxygen Simulator>]
[<project: IBTIDA (ابتدا)>]
[<project: GHAZI (غازی)>, <project: Azadi (آزادی)>]
[<project: IBTIDA (ابتدا)>]
[<project: Oxygen Simulator>]
[<project: IBTIDA (ابتدا)>]
[<project: LLVM Compiler>]
[<project: Reverse Engineering of Rocket Chip>]
[<project: IBTIDA (ابتدا)>]
[<project: GHAZI (غازی)>, <project: Azadi (آزادی)>]
[<project: Reverse Engineering of Rocket Chip>]
[<project: BURQ IDE>]
OSError: LSAPI: Socket read/write error
[<project: IBTIDA (ابتدا)>]
[<project: GHAZI (غازی)>, <project: Azadi (آزادی)>]
[<project: LLVM Compiler>]
[<project: IBTIDA (ابتدا)>]
[<project: Oxygen Simulator>]
[<project: IBTIDA (ابتدا)>]
[<project: GHAZI (غازی)>, <project: Azadi (آزادی)>]
[<project: BURQ IDE>]
[<project: Reverse Engineering of Rocket Chip>]
[<project: Oxygen Simulator>]
[<project: LLVM Compiler>]
[<project: GHAZI (غازی)>, <project: Azadi (آزادی)>]
[<project: GHAZI (غازی)>, <project: Azadi (آزادی)>]
2022-02-02 00:31:46.113190 [UID:2122][10307] Reached max children process limit: 6, extra: 2, current: 8, busy: 7, please increase LSAPI_CHILDREN.
2022-02-02 00:31:46.213511 [UID:2122][10307] Reached max children process limit: 6, extra: 2, current: 8, busy: 8, please increase LSAPI_CHILDREN.
2022-02-02 00:31:46.313850 [UID:2122][10307] Reached max children process limit: 6, extra: 2, current: 8, busy: 8, please increase LSAPI_CHILDREN.
2022-02-02 00:31:46.414010 [UID:2122][10307] Reached max children process limit: 6, extra: 2, current: 8, busy: 8, please increase LSAPI_CHILDREN.
2022-02-02 00:31:46.514288 [UID:2122][10307] Reached max children process limit: 6, extra: 2, current: 8, busy: 8, please increase LSAPI_CHILDREN.
2022-02-02 00:31:46.614546 [UID:2122][10307] Reached max children process limit: 6, extra: 2, current: 8, busy: 8, please increase LSAPI_CHILDREN.
2022-02-02 00:31:46.714862 [UID:2122][10307] Reached max children process limit: 6, extra: 2, current: 8, busy: 8, please increase LSAPI_CHILDREN.
2022-02-02 00:31:46.815142 [UID:2122][10307] Reached max children process limit: 6, extra: 2, current: 8, busy: 8, please increase LSAPI_CHILDREN.
2022-02-02 00:31:46.915455 [UID:2122][10307] Reached max children process limit: 6, extra: 2, current: 8, busy: 8, please increase LSAPI_CHILDREN.
2022-02-02 00:31:47.015786 [UID:2122][10307] Reached max children process limit: 6, extra: 2, current: 8, busy: 8, please increase LSAPI_CHILDREN.
2022-02-02 00:31:47.116063 [UID:2122][10307] Reached max children process limit: 6, extra: 2, current: 8, busy: 8, please increase LSAPI_CHILDREN.
2022-02-02 00:31:47.216404 [UID:2122][10307] Reached max children process limit: 6, extra: 2, current: 8, busy: 8, please increase LSAPI_CHILDREN.
2022-02-02 00:31:47.316730 [UID:2122][10307] Reached max children process limit: 6, extra: 2, current: 8, busy: 8, please increase LSAPI_CHILDREN.
2022-02-02 00:31:47.417021 [UID:2122][10307] Reached max children process limit: 6, extra: 2, current: 8, busy: 8, please increase LSAPI_CHILDREN.
2022-02-02 00:31:47.517366 [UID:2122][10307] Reached max children process limit: 6, extra: 2, current: 8, busy: 8, please increase LSAPI_CHILDREN.
2022-02-02 00:31:47.617557 [UID:2122][10307] Reached max children process limit: 6, extra: 2, current: 8, busy: 8, please increase LSAPI_CHILDREN.
2022-02-02 00:31:47.717857 [UID:2122][10307] Reached max children process limit: 6, extra: 2, current: 8, busy: 8, please increase LSAPI_CHILDREN.
2022-02-02 00:31:47.818132 [UID:2122][10307] Reached max children process limit: 6, extra: 2, current: 8, busy: 8, please increase LSAPI_CHILDREN.
2022-02-02 00:31:47.918399 [UID:2122][10307] Reached max children process limit: 6, extra: 2, current: 8, busy: 8, please increase LSAPI_CHILDREN.
2022-02-02 00:31:48.018610 [UID:2122][10307] Reached max children process limit: 6, extra: 2, current: 8, busy: 8, please increase LSAPI_CHILDREN.
2022-02-02 00:31:48.118817 [UID:2122][10307] Reached max children process limit: 6, extra: 2, current: 8, busy: 8, please increase LSAPI_CHILDREN.
2022-02-02 00:31:48.219147 [UID:2122][10307] Reached max children process limit: 6, extra: 2, current: 8, busy: 8, please increase LSAPI_CHILDREN.
2022-02-02 00:31:48.319457 [UID:2122][10307] Reached max children process limit: 6, extra: 2, current: 8, busy: 8, please increase LSAPI_CHILDREN.
2022-02-02 00:31:48.419735 [UID:2122][10307] Reached max children process limit: 6, extra: 2, current: 8, busy: 8, please increase LSAPI_CHILDREN.
[<project: Oxygen Simulator>]
2022-02-02 00:31:48.520072 [UID:2122][10307] Reached max children process limit: 6, extra: 2, current: 8, busy: 8, please increase LSAPI_CHILDREN.
[<project: Reverse Engineering of Rocket Chip>]
2022-02-02 00:31:48.619368 [UID:2122][10307] Reached max children process limit: 6, extra: 2, current: 8, busy: 8, please increase LSAPI_CHILDREN.
2022-02-02 00:31:48.689660 [UID:2122][10307] Reached max children process limit: 6, extra: 2, current: 8, busy: 7, please increase LSAPI_CHILDREN.
2022-02-02 00:31:48.704734 [UID:2122][10307] Reached max children process limit: 6, extra: 2, current: 8, busy: 8, please increase LSAPI_CHILDREN.
2022-02-02 00:31:48.805065 [UID:2122][10307] Reached max children process limit: 6, extra: 2, current: 8, busy: 8, please increase LSAPI_CHILDREN.
2022-02-02 00:31:48.905433 [UID:2122][10307] Reached max children process limit: 6, extra: 2, current: 8, busy: 8, please increase LSAPI_CHILDREN.
[<project: Oxygen Simulator>]
[<project: LLVM Compiler>]
[<project: Reverse Engineering of Rocket Chip>]
[<project: BURQ IDE>]
[<project: GHAZI (غازی)>, <project: Azadi (آزادی)>]
[<project: IBTIDA (ابتدا)>]
[<project: IBTIDA (ابتدا)>]
[<project: GHAZI (غازی)>, <project: Azadi (آزادی)>]
[<project: BURQ IDE>]
[<project: BURQ IDE>]
[<project: LLVM Compiler>]
[<project: Oxygen Simulator>]
[<project: IBTIDA (ابتدا)>]
[<project: IBTIDA (ابتدا)>]
[<project: GHAZI (غازی)>, <project: Azadi (آزادی)>]
[<project: Reverse Engineering of Rocket Chip>]
[<project: Oxygen Simulator>]
[<project: BURQ IDE>]
[<project: LLVM Compiler>]
[<project: GHAZI (غازی)>, <project: Azadi (آزادی)>]
[<project: Reverse Engineering of Rocket Chip>]
[<project: GHAZI (غازی)>, <project: Azadi (آزادی)>]
[<project: Oxygen Simulator>]
[<project: IBTIDA (ابتدا)>]
[<project: LLVM Compiler>]
[<project: IBTIDA (ابتدا)>]
[<project: Oxygen Simulator>]
[<project: Reverse Engineering of Rocket Chip>]
[<project: BURQ IDE>]
[<project: GHAZI (غازی)>, <project: Azadi (آزادی)>]
[<project: LLVM Compiler>]
[<project: IBTIDA (ابتدا)>]
[<project: GHAZI (غازی)>, <project: Azadi (آزادی)>]
[<project: GHAZI (غازی)>, <project: Azadi (آزادی)>]
[<project: GHAZI (غازی)>, <project: Azadi (آزادی)>]
[<project: Reverse Engineering of Rocket Chip>]
[<project: IBTIDA (ابتدا)>]
[<project: IBTIDA (ابتدا)>]
[<project: GHAZI (غازی)>, <project: Azadi (آزادی)>]
[<project: BURQ IDE>]
[<project: Reverse Engineering of Rocket Chip>]
[<project: BURQ IDE>]
[<project: Oxygen Simulator>]
